2023-11-17 00:57:43 +0000  Initial pipeline context: <IDEDistributionProcessingPipelineContext: 0x7fd3ec2b4420; archive(resolved)="<IDEArchive: 0x600008f2a1c0>", distributionTask(resolved)="2", distributionDestination(resolved)="1", distributionMethod(resolved)="<IDEDistributionMethodDevelopmentSigned: 0x60000a896450>", team(resolved)="<IDEProvisioningDisambiguatableBasicTeam: 0x600003f41000; teamID='B3PWYBKFUK', teamName='Codesquad Inc.', teamType='Company', username='tjd9248@naver.com', isFreeProvisioningTeam='0'>">
	Chain (15, self inclusive):
	<IDEDistributionProcessingPipelineContext: 0x7fd3ec2b4420; archive = "<IDEArchive: 0x600008f2a1c0>", distributionMethod="<IDEDistributionMethodDevelopmentSigned: 0x60000a896450>", team="<IDEProvisioningDisambiguatableBasicTeam: 0x600003f41000; teamID='B3PWYBKFUK', teamName='Codesquad Inc.', teamType='Company', username='tjd9248@naver.com', isFreeProvisioningTeam='0'>">
	<IDEDistributionProcessingPipelineContext: 0x7fd411f99a50; archive = "<IDEArchive: 0x600008f2a1c0>", distributionMethod="<IDEDistributionMethodDevelopmentSigned: 0x60000a896450>", team="<IDEProvisioningDisambiguatableBasicTeam: 0x600003f41000; teamID='B3PWYBKFUK', teamName='Codesquad Inc.', teamType='Company', username='tjd9248@naver.com', isFreeProvisioningTeam='0'>">
	<IDEDistributionContext: 0x7fd3dda42d80; archive = "<IDEArchive: 0x600008f2a1c0>", distributionMethod="<IDEDistributionMethodDevelopmentSigned: 0x60000a896450>", team="<IDEProvisioningDisambiguatableBasicTeam: 0x600003f41000; teamID='B3PWYBKFUK', teamName='Codesquad Inc.', teamType='Company', username='tjd9248@naver.com', isFreeProvisioningTeam='0'>">
	<IDEDistributionContext: 0x7fd3dee36fa0; archive = "<IDEArchive: 0x600008f2a1c0>", distributionMethod="<IDEDistributionMethodDevelopmentSigned: 0x60000a896450>", team="<IDEProvisioningDisambiguatableBasicTeam: 0x600003f41000; teamID='B3PWYBKFUK', teamName='Codesquad Inc.', teamType='Company', username='tjd9248@naver.com', isFreeProvisioningTeam='0'>">
	<IDEDistributionContext: 0x7fd3ef4ed5c0; archive = "<IDEArchive: 0x600008f2a1c0>", distributionMethod="<IDEDistributionMethodDevelopmentSigned: 0x60000a896450>", team="<IDEProvisioningDisambiguatableBasicTeam: 0x600003f41000; teamID='B3PWYBKFUK', teamName='Codesquad Inc.', teamType='Company', username='tjd9248@naver.com', isFreeProvisioningTeam='0'>">
	<IDEDistributionContext: 0x7fd3ef918120; archive = "<IDEArchive: 0x600008f2a1c0>", distributionMethod="<IDEDistributionMethodDevelopmentSigned: 0x60000a896450>", team="<IDEProvisioningDisambiguatableBasicTeam: 0x600003f41000; teamID='B3PWYBKFUK', teamName='Codesquad Inc.', teamType='Company', username='tjd9248@naver.com', isFreeProvisioningTeam='0'>">
	<IDEDistributionContext: 0x7fd3efdb9970; archive = "<IDEArchive: 0x600008f2a1c0>", distributionMethod="<IDEDistributionMethodDevelopmentSigned: 0x60000a896450>", team="<IDEProvisioningDisambiguatableBasicTeam: 0x600003f41000; teamID='B3PWYBKFUK', teamName='Codesquad Inc.', teamType='Company', username='tjd9248@naver.com', isFreeProvisioningTeam='0'>">
	<IDEDistributionContext: 0x7fd3ef90ba40; archive = "<IDEArchive: 0x600008f2a1c0>", distributionMethod="<IDEDistributionMethodDevelopmentSigned: 0x60000a896450>", team="<IDEProvisioningDisambiguatableBasicTeam: 0x600003f41000; teamID='B3PWYBKFUK', teamName='Codesquad Inc.', teamType='Company', username='tjd9248@naver.com', isFreeProvisioningTeam='0'>">
	<IDEDistributionContext: 0x7fd411d2cf10; archive = "<IDEArchive: 0x600008f2a1c0>", distributionMethod="<IDEDistributionMethodDevelopmentSigned: 0x60000a896450>", team="<IDEProvisioningDisambiguatableBasicTeam: 0x600003f41000; teamID='B3PWYBKFUK', teamName='Codesquad Inc.', teamType='Company', username='tjd9248@naver.com', isFreeProvisioningTeam='0'>">
	<IDEDistributionContext: 0x7fd3ed137a20; archive = "<IDEArchive: 0x600008f2a1c0>", distributionMethod="<IDEDistributionMethodDevelopmentSigned: 0x60000a896450>", team="(null)">
	<IDEDistributionContext: 0x7fd3ed13dac0; archive = "<IDEArchive: 0x600008f2a1c0>", distributionMethod="<IDEDistributionMethodDevelopmentSigned: 0x60000a896450>", team="(null)">
	<IDEDistributionContext: 0x7fd3ef634c40; archive = "<IDEArchive: 0x600008f2a1c0>", distributionMethod="<IDEDistributionMethodDevelopmentSigned: 0x60000a896450>", team="(null)">
	<IDEDistributionContext: 0x7fd3efdaa8c0; archive = "<IDEArchive: 0x600008f2a1c0>", distributionMethod="<IDEDistributionMethodDevelopmentSigned: 0x60000a896450>", team="(null)">
	<IDEDistributionContext: 0x7fd3ef895cf0; archive = "<IDEArchive: 0x600008f2a1c0>", distributionMethod="(null)", team="(null)">
	<IDEDistributionContext: 0x7fd40b7525e0; archive = "<IDEArchive: 0x600008f2a1c0>", distributionMethod="(null)", team="(null)">
</IDEDistributionProcessingPipelineContext: 0x7fd3ec2b4420>
2023-11-17 00:57:43 +0000  Processing step: IDEDistributionCreateDestRootStep
2023-11-17 00:57:43 +0000  Processing step: IDEDistributionCopyItemStep
2023-11-17 00:57:43 +0000  Running /usr/bin/ditto '-V' '/Users/wi_seong/Library/Developer/Xcode/Archives/2023-11-17/OpenList 11-17-23, 9.40 AM.xcarchive/Products/Applications/OpenList.app' '/var/folders/yw/jxsmcnyn6q794djcl3ymrvym0000gn/T/XcodeDistPipeline.~~~xCsWSI/Root/Payload/OpenList.app'
2023-11-17 00:57:43 +0000  >>> Copying /Users/wi_seong/Library/Developer/Xcode/Archives/2023-11-17/OpenList 11-17-23, 9.40 AM.xcarchive/Products/Applications/OpenList.app 
2023-11-17 00:57:43 +0000  copying file ./_CodeSignature/CodeResources ... 
2023-11-17 00:57:43 +0000  4455 bytes for ./_CodeSignature/CodeResources
2023-11-17 00:57:43 +0000  copying file ./OpenList ... 
2023-11-17 00:57:43 +0000  305488 bytes for ./OpenList
2023-11-17 00:57:43 +0000  copying file ./AppIcon60x60@2x.png ... 
2023-11-17 00:57:43 +0000  11008 bytes for ./AppIcon60x60@2x.png
2023-11-17 00:57:43 +0000  copying file ./NotoSansCJKkr-Medium.otf ... 
2023-11-17 00:57:43 +0000  16534292 bytes for ./NotoSansCJKkr-Medium.otf
2023-11-17 00:57:43 +0000  copying file ./Base.lproj/LaunchScreen.storyboardc/01J-lp-oVM-view-Ze5-6b-2t3.nib ... 
2023-11-17 00:57:43 +0000  1225 bytes for ./Base.lproj/LaunchScreen.storyboardc/01J-lp-oVM-view-Ze5-6b-2t3.nib
2023-11-17 00:57:43 +0000  copying file ./Base.lproj/LaunchScreen.storyboardc/UIViewController-01J-lp-oVM.nib ... 
2023-11-17 00:57:43 +0000  924 bytes for ./Base.lproj/LaunchScreen.storyboardc/UIViewController-01J-lp-oVM.nib
2023-11-17 00:57:43 +0000  copying file ./Base.lproj/LaunchScreen.storyboardc/Info.plist ... 
2023-11-17 00:57:43 +0000  258 bytes for ./Base.lproj/LaunchScreen.storyboardc/Info.plist
2023-11-17 00:57:43 +0000  copying file ./Assets.car ... 
2023-11-17 00:57:43 +0000  264896 bytes for ./Assets.car
2023-11-17 00:57:43 +0000  copying file ./CoreDataStorage.momd/CoreDataStorage.mom ... 
2023-11-17 00:57:43 +0000  1419 bytes for ./CoreDataStorage.momd/CoreDataStorage.mom
2023-11-17 00:57:43 +0000  copying file ./CoreDataStorage.momd/VersionInfo.plist ... 
2023-11-17 00:57:43 +0000  286 bytes for ./CoreDataStorage.momd/VersionInfo.plist
2023-11-17 00:57:43 +0000  copying file ./NotoSansCJKkr-Regular.otf ... 
2023-11-17 00:57:43 +0000  16457008 bytes for ./NotoSansCJKkr-Regular.otf
copying file ./embedded.mobileprovision ... 
2023-11-17 00:57:43 +0000  155174 bytes for ./embedded.mobileprovision
copying file ./Info.plist ... 
1486 bytes for ./Info.plist
copying file ./PkgInfo ... 
2023-11-17 00:57:43 +0000  8 bytes for ./PkgInfo
2023-11-17 00:57:43 +0000  /usr/bin/ditto exited with 0
2023-11-17 00:57:43 +0000  Processing step: IDEDistributionEmbedProfileStep
2023-11-17 00:57:43 +0000  Processing step: IDEDistributionInfoPlistStep
2023-11-17 00:57:43 +0000  Skipping step: IDEDistributionInfoPlistStep because it said so
2023-11-17 00:57:43 +0000  Processing step: IDEDistributionAppThinningPlistStep
2023-11-17 00:57:43 +0000  Skipping step: IDEDistributionAppThinningPlistStep because it said so
2023-11-17 00:57:43 +0000  Processing step: IDEDistributionCompileBitcodeStep
2023-11-17 00:57:43 +0000  Skipping step: IDEDistributionCompileBitcodeStep because it said so
2023-11-17 00:57:43 +0000  Processing step: IDEDistributionCodeSlimmingStep
2023-11-17 00:57:43 +0000  Processing step: IDEDistributionCopyBCSymbolMapsStep
2023-11-17 00:57:43 +0000  Skipping step: IDEDistributionCopyBCSymbolMapsStep because it said so
2023-11-17 00:57:43 +0000  Processing step: IDEDistributionSymbolsStep
2023-11-17 00:57:43 +0000  Skipping step: IDEDistributionSymbolsStep because it said so
2023-11-17 00:57:43 +0000  Processing step: IDEDistributionAppThinningStep
2023-11-17 00:57:43 +0000  Skipping step: IDEDistributionAppThinningStep because it said so
2023-11-17 00:57:43 +0000  Processing step: IDEDistributionArchThinningStep
2023-11-17 00:57:43 +0000  Running /Applications/Xcode.app/Contents/Developer/Toolchains/XcodeDefault.xctoolchain/usr/bin/lipo '/var/folders/yw/jxsmcnyn6q794djcl3ymrvym0000gn/T/XcodeDistPipeline.~~~xCsWSI/Root/Payload/OpenList.app/OpenList' '-verify_arch' 'arm64e'
2023-11-17 00:57:43 +0000  /Applications/Xcode.app/Contents/Developer/Toolchains/XcodeDefault.xctoolchain/usr/bin/lipo exited with 1
2023-11-17 00:57:43 +0000  Skipping architecture thinning for item "OpenList" because arch "arm64e" wasn't found
2023-11-17 00:57:43 +0000  Processing step: IDEDistributionODRStep
2023-11-17 00:57:43 +0000  Processing step: IDEDistributionStripXattrsStep
2023-11-17 00:57:43 +0000  Skipping stripping extended attributes because the codesign step will strip them.
2023-11-17 00:57:43 +0000  Processing step: IDEDistributionCodesignStep
2023-11-17 00:57:43 +0000  Entitlements for <IDEDistributionItem: 0x600074e0a040; bundleID='kr.codesquad.boostcamp8.OpenList.OpenList', path='<DVTFilePath:0x6000141385b0:'/Users/wi_seong/Library/Developer/Xcode/Archives/2023-11-17/OpenList 11-17-23, 9.40 AM.xcarchive/Products/Applications/OpenList.app'>', codeSigningInfo='<_DVTCodeSigningInformation_Path: 0x600020a96800; isSigned='1', isAdHocSigned='0', signingCertificate='<DVTSigningCertificate: 0x600005f418c0; name='Apple Development: seong cheol wi (KKRJNKK7HG)', hash='A4470EFFFC8B57E705F9756443052C60B780FD98', serialNumber='390DA207CA48ED2B6CF248F0038ACC15', certificateKinds='(
    "1.2.840.113635.100.6.1.12",
    "1.2.840.113635.100.6.1.2"
), issueDate='2023-11-08 05:00:56 +0000''>', entitlements='{
    "application-identifier" = "B3PWYBKFUK.kr.codesquad.boostcamp8.OpenList.OpenList";
    "com.apple.developer.team-identifier" = B3PWYBKFUK;
    "get-task-allow" = 1;
}', teamID='B3PWYBKFUK', identifier='kr.codesquad.boostcamp8.OpenList.OpenList', executablePath='<DVTFilePath:0x6000103d3410:'/Users/wi_seong/Library/Developer/Xcode/Archives/2023-11-17/OpenList 11-17-23, 9.40 AM.xcarchive/Products/Applications/OpenList.app/OpenList'>', hardenedRuntime='0'>'>: {
    "application-identifier" = "B3PWYBKFUK.kr.codesquad.boostcamp8.OpenList.OpenList";
    "com.apple.developer.team-identifier" = B3PWYBKFUK;
    "get-task-allow" = 1;
}
2023-11-17 00:57:43 +0000  Associated App Clip Identifiers Filter: Skipping because "com.apple.developer.associated-appclip-app-identifiers" is not present
2023-11-17 00:57:43 +0000  Entitlements for <IDEDistributionItem: 0x600074e0a040; bundleID='kr.codesquad.boostcamp8.OpenList.OpenList', path='<DVTFilePath:0x6000141385b0:'/Users/wi_seong/Library/Developer/Xcode/Archives/2023-11-17/OpenList 11-17-23, 9.40 AM.xcarchive/Products/Applications/OpenList.app'>', codeSigningInfo='<_DVTCodeSigningInformation_Path: 0x600020a96800; isSigned='1', isAdHocSigned='0', signingCertificate='<DVTSigningCertificate: 0x600005f42640; name='Apple Development: seong cheol wi (KKRJNKK7HG)', hash='A4470EFFFC8B57E705F9756443052C60B780FD98', serialNumber='390DA207CA48ED2B6CF248F0038ACC15', certificateKinds='(
    "1.2.840.113635.100.6.1.12",
    "1.2.840.113635.100.6.1.2"
), issueDate='2023-11-08 05:00:56 +0000''>', entitlements='{
    "application-identifier" = "B3PWYBKFUK.kr.codesquad.boostcamp8.OpenList.OpenList";
    "com.apple.developer.team-identifier" = B3PWYBKFUK;
    "get-task-allow" = 1;
}', teamID='B3PWYBKFUK', identifier='kr.codesquad.boostcamp8.OpenList.OpenList', executablePath='<DVTFilePath:0x6000103d3410:'/Users/wi_seong/Library/Developer/Xcode/Archives/2023-11-17/OpenList 11-17-23, 9.40 AM.xcarchive/Products/Applications/OpenList.app/OpenList'>', hardenedRuntime='0'>'> are: {
    "application-identifier" = "B3PWYBKFUK.kr.codesquad.boostcamp8.OpenList.OpenList";
    "com.apple.developer.team-identifier" = B3PWYBKFUK;
    "get-task-allow" = 1;
}
2023-11-17 00:57:43 +0000  Writing entitlements for <IDEDistributionItem: 0x600074e0a040; bundleID='kr.codesquad.boostcamp8.OpenList.OpenList', path='<DVTFilePath:0x6000141385b0:'/Users/wi_seong/Library/Developer/Xcode/Archives/2023-11-17/OpenList 11-17-23, 9.40 AM.xcarchive/Products/Applications/OpenList.app'>', codeSigningInfo='<_DVTCodeSigningInformation_Path: 0x600020a96800; isSigned='1', isAdHocSigned='0', signingCertificate='<DVTSigningCertificate: 0x60000907f9c0; name='Apple Development: seong cheol wi (KKRJNKK7HG)', hash='A4470EFFFC8B57E705F9756443052C60B780FD98', serialNumber='390DA207CA48ED2B6CF248F0038ACC15', certificateKinds='(
    "1.2.840.113635.100.6.1.12",
    "1.2.840.113635.100.6.1.2"
), issueDate='2023-11-08 05:00:56 +0000''>', entitlements='{
    "application-identifier" = "B3PWYBKFUK.kr.codesquad.boostcamp8.OpenList.OpenList";
    "com.apple.developer.team-identifier" = B3PWYBKFUK;
    "get-task-allow" = 1;
}', teamID='B3PWYBKFUK', identifier='kr.codesquad.boostcamp8.OpenList.OpenList', executablePath='<DVTFilePath:0x6000103d3410:'/Users/wi_seong/Library/Developer/Xcode/Archives/2023-11-17/OpenList 11-17-23, 9.40 AM.xcarchive/Products/Applications/OpenList.app/OpenList'>', hardenedRuntime='0'>'> to: /var/folders/yw/jxsmcnyn6q794djcl3ymrvym0000gn/T/XcodeDistPipeline.~~~xCsWSI/entitlements~~~26AnaO
2023-11-17 00:57:43 +0000  Running /usr/bin/codesign '-vvv' '--force' '--sign' 'A4470EFFFC8B57E705F9756443052C60B780FD98' '--entitlements' '/var/folders/yw/jxsmcnyn6q794djcl3ymrvym0000gn/T/XcodeDistPipeline.~~~xCsWSI/entitlements~~~26AnaO' '--generate-entitlement-der' '--preserve-metadata=identifier,flags,runtime' '/var/folders/yw/jxsmcnyn6q794djcl3ymrvym0000gn/T/XcodeDistPipeline.~~~xCsWSI/Root/Payload/OpenList.app'
2023-11-17 00:57:44 +0000  /var/folders/yw/jxsmcnyn6q794djcl3ymrvym0000gn/T/XcodeDistPipeline.~~~xCsWSI/Root/Payload/OpenList.app: replacing existing signature
2023-11-17 00:57:44 +0000  /var/folders/yw/jxsmcnyn6q794djcl3ymrvym0000gn/T/XcodeDistPipeline.~~~xCsWSI/Root/Payload/OpenList.app: signed app bundle with Mach-O thin (arm64) [kr.codesquad.boostcamp8.OpenList.OpenList]
2023-11-17 00:57:44 +0000  /usr/bin/codesign exited with 0
2023-11-17 00:57:44 +0000  Processing step: IDEDistributionZipODRItemStep
2023-11-17 00:57:44 +0000  Skipping step: IDEDistributionZipODRItemStep because it said so
2023-11-17 00:57:44 +0000  Processing step: IDEDistributionCreateIPAStep
2023-11-17 00:57:44 +0000  Running /usr/bin/ditto '-V' '-c' '-k' '--norsrc' '/var/folders/yw/jxsmcnyn6q794djcl3ymrvym0000gn/T/XcodeDistPipeline.~~~xCsWSI/Root' '/var/folders/yw/jxsmcnyn6q794djcl3ymrvym0000gn/T/XcodeDistPipeline.~~~xCsWSI/Packages/OpenList.ipa'
2023-11-17 00:57:44 +0000  >>> Copying /var/folders/yw/jxsmcnyn6q794djcl3ymrvym0000gn/T/XcodeDistPipeline.~~~xCsWSI/Root 
2023-11-17 00:57:44 +0000  copying file ./Payload/OpenList.app/_CodeSignature/CodeResources ... 
2023-11-17 00:57:44 +0000  4455 bytes for ./Payload/OpenList.app/_CodeSignature/CodeResources
copying file ./Payload/OpenList.app/OpenList ... 
2023-11-17 00:57:44 +0000  305488 bytes for ./Payload/OpenList.app/OpenList
copying file ./Payload/OpenList.app/AppIcon60x60@2x.png ... 
2023-11-17 00:57:44 +0000  11008 bytes for ./Payload/OpenList.app/AppIcon60x60@2x.png
copying file ./Payload/OpenList.app/NotoSansCJKkr-Medium.otf ... 
2023-11-17 00:57:44 +0000  16534292 bytes for ./Payload/OpenList.app/NotoSansCJKkr-Medium.otf
2023-11-17 00:57:44 +0000  copying file ./Payload/OpenList.app/Base.lproj/LaunchScreen.storyboardc/01J-lp-oVM-view-Ze5-6b-2t3.nib ... 
1225 bytes for ./Payload/OpenList.app/Base.lproj/LaunchScreen.storyboardc/01J-lp-oVM-view-Ze5-6b-2t3.nib
copying file ./Payload/OpenList.app/Base.lproj/LaunchScreen.storyboardc/UIViewController-01J-lp-oVM.nib ... 
2023-11-17 00:57:44 +0000  924 bytes for ./Payload/OpenList.app/Base.lproj/LaunchScreen.storyboardc/UIViewController-01J-lp-oVM.nib
copying file ./Payload/OpenList.app/Base.lproj/LaunchScreen.storyboardc/Info.plist ... 
258 bytes for ./Payload/OpenList.app/Base.lproj/LaunchScreen.storyboardc/Info.plist
copying file ./Payload/OpenList.app/Assets.car ... 
2023-11-17 00:57:44 +0000  264896 bytes for ./Payload/OpenList.app/Assets.car
2023-11-17 00:57:44 +0000  copying file ./Payload/OpenList.app/CoreDataStorage.momd/CoreDataStorage.mom ... 
2023-11-17 00:57:44 +0000  1419 bytes for ./Payload/OpenList.app/CoreDataStorage.momd/CoreDataStorage.mom
copying file ./Payload/OpenList.app/CoreDataStorage.momd/VersionInfo.plist ... 
286 bytes for ./Payload/OpenList.app/CoreDataStorage.momd/VersionInfo.plist
copying file ./Payload/OpenList.app/NotoSansCJKkr-Regular.otf ... 
2023-11-17 00:57:45 +0000  16457008 bytes for ./Payload/OpenList.app/NotoSansCJKkr-Regular.otf
copying file ./Payload/OpenList.app/embedded.mobileprovision ... 
2023-11-17 00:57:45 +0000  155174 bytes for ./Payload/OpenList.app/embedded.mobileprovision
copying file ./Payload/OpenList.app/Info.plist ... 
2023-11-17 00:57:45 +0000  1486 bytes for ./Payload/OpenList.app/Info.plist
copying file ./Payload/OpenList.app/PkgInfo ... 
8 bytes for ./Payload/OpenList.app/PkgInfo
2023-11-17 00:57:45 +0000  /usr/bin/ditto exited with 0
2023-11-17 00:57:45 +0000  Processing step: IDEDistributionAppStoreInformationStep
2023-11-17 00:57:45 +0000  Skipping step: IDEDistributionAppStoreInformationStep because it said so
2023-11-17 00:57:45 +0000  Processing step: IDEDistributionGenerateProcessedDistributionItems
2023-11-17 00:57:45 +0000  IDEDistributionItem init <DVTFilePath:0x6000841784d0:'/var/folders/yw/jxsmcnyn6q794djcl3ymrvym0000gn/T/XcodeDistPipeline.~~~xCsWSI/Root/Payload/OpenList.app'>
2023-11-17 00:57:45 +0000  Processing step: IDEDistributionCreateManifestStep
